2018-05-31 13:04:59,909 [8] INFO  MegaMillion.Service.Program MegaMillion Monitor Service is starting...
2018-05-31 13:05:00,079 [9] INFO  MegaMillion.Service.MonitorService Calling SaveDataFromWebsiteIntoLotteryNumbers...
2018-05-31 13:05:10,126 [9] INFO  MegaMillion.Service.MonitorService Calling SavePredicatedLotteryNumbers...
2018-05-31 13:05:11,078 [9] INFO  MegaMillion.Service.MonitorService Calling UpdatePredicatedLotteryNumbers...
2018-05-31 13:05:33,495 [8] INFO  MegaMillion.Service.Program MegaMillion Monitor Service is stopping...
2018-05-31 13:07:28,180 [10] INFO  MegaMillion.Service.Program MegaMillion Monitor Service is starting...
2018-05-31 13:07:28,390 [11] INFO  MegaMillion.Service.MonitorService Calling SaveDataFromWebsiteIntoLotteryNumbers...
2018-05-31 13:08:11,933 [8] INFO  MegaMillion.Service.Program MegaMillion Monitor Service is starting...
2018-05-31 13:08:12,761 [9] INFO  MegaMillion.Service.MonitorService Calling SaveDataFromWebsiteIntoLotteryNumbers...
2018-05-31 13:08:23,637 [9] INFO  MegaMillion.Service.MonitorService Calling SavePredicatedLotteryNumbers...
2018-05-31 13:08:24,424 [9] INFO  MegaMillion.Service.MonitorService Calling UpdatePredicatedLotteryNumbers...
2018-05-31 13:09:47,176 [8] INFO  MegaMillion.Service.Program MegaMillion Monitor Service is stopping...
2018-05-31 13:13:05,247 [8] INFO  MegaMillion.Service.Program MegaMillion Monitor Service is starting...
2018-05-31 13:13:05,469 [9] INFO  MegaMillion.Service.MonitorService Calling SaveDataFromWebsiteIntoLotteryNumbers...
2018-05-31 13:13:58,677 [9] INFO  MegaMillion.Service.Program MegaMillion Monitor Service is starting...
2018-05-31 13:13:58,886 [10] INFO  MegaMillion.Service.MonitorService Calling SaveDataFromWebsiteIntoLotteryNumbers...
2018-05-31 13:14:08,875 [10] INFO  MegaMillion.Service.MonitorService Calling SavePredicatedLotteryNumbers...
2018-05-31 13:14:09,642 [10] INFO  MegaMillion.Service.MonitorService Calling UpdatePredicatedLotteryNumbers...
2018-05-31 13:14:53,853 [10] INFO  MegaMillion.Service.Program MegaMillion Monitor Service is starting...
2018-05-31 13:14:54,051 [6] INFO  MegaMillion.Service.MonitorService Calling SaveDataFromWebsiteIntoLotteryNumbers...
2018-05-31 13:15:04,370 [6] INFO  MegaMillion.Service.MonitorService Calling SavePredicatedLotteryNumbers...
2018-05-31 13:15:04,940 [6] INFO  MegaMillion.Service.MonitorService Calling UpdatePredicatedLotteryNumbers...
2018-05-31 13:19:17,453 [9] INFO  MegaMillion.Service.Program MegaMillion Monitor Service is starting...
2018-05-31 13:19:17,625 [10] INFO  MegaMillion.Service.MonitorService Calling SaveDataFromWebsiteIntoLotteryNumbers...
2018-05-31 13:19:29,184 [10] INFO  MegaMillion.Service.MonitorService Calling SavePredicatedLotteryNumbers...
2018-05-31 13:19:29,746 [10] INFO  MegaMillion.Service.MonitorService Calling UpdatePredicatedLotteryNumbers...
2018-05-31 13:19:42,414 [8] INFO  MegaMillion.Service.Program MegaMillion Monitor Service is starting...
2018-05-31 13:19:42,705 [9] INFO  MegaMillion.Service.MonitorService Calling SaveDataFromWebsiteIntoLotteryNumbers...
2018-05-31 13:19:53,545 [9] INFO  MegaMillion.Service.MonitorService Calling SavePredicatedLotteryNumbers...
2018-05-31 13:19:54,028 [9] INFO  MegaMillion.Service.MonitorService Calling UpdatePredicatedLotteryNumbers...
2018-05-31 13:25:12,378 [10] INFO  MegaMillion.Service.Program MegaMillion Monitor Service is starting...
2018-05-31 13:25:12,657 [11] INFO  MegaMillion.Service.MonitorService Calling SaveDataFromWebsiteIntoLotteryNumbers...
2018-05-31 13:27:14,360 [10] INFO  MegaMillion.Service.Program MegaMillion Monitor Service is starting...
2018-05-31 13:27:14,543 [11] INFO  MegaMillion.Service.MonitorService Calling SaveDataFromWebsiteIntoLotteryNumbers...
2018-05-31 13:27:19,509 [10] INFO  MegaMillion.Service.Program MegaMillion Monitor Service is stopping...
2018-05-31 13:27:22,699 [10] INFO  MegaMillion.Service.Program MegaMillion Monitor Service is starting...
2018-05-31 13:27:22,899 [6] INFO  MegaMillion.Service.MonitorService Calling SaveDataFromWebsiteIntoLotteryNumbers...
2018-05-31 13:27:33,505 [6] INFO  MegaMillion.Service.MonitorService Calling SavePredicatedLotteryNumbers...
2018-05-31 13:27:34,004 [6] INFO  MegaMillion.Service.MonitorService Calling UpdatePredicatedLotteryNumbers...
2018-05-31 13:27:46,757 [4] INFO  MegaMillion.Service.Program MegaMillion Monitor Service is starting...
2018-05-31 13:27:46,882 [5] INFO  MegaMillion.Service.MonitorService Calling SaveDataFromWebsiteIntoLotteryNumbers...
2018-05-31 13:27:57,521 [5] INFO  MegaMillion.Service.MonitorService Calling SavePredicatedLotteryNumbers...
2018-05-31 13:27:57,880 [5] INFO  MegaMillion.Service.MonitorService Calling UpdatePredicatedLotteryNumbers...
